Determining if the pthread_create exist failed with the following output:
Change Dir: /home/ubuntu/catkin_ws/build_isolated/hector_imu_tools/CMakeFiles/CMakeTmp

Run Build Command:"/usr/bin/make" "cmTC_dd6fc/fast"
/usr/bin/make -f CMakeFiles/cmTC_dd6fc.dir/build.make CMakeFiles/cmTC_dd6fc.dir/build
make[1]: 进入目录“/home/ubuntu/catkin_ws/build_isolated/hector_imu_tools/CMakeFiles/CMakeTmp”
Building C object CMakeFiles/cmTC_dd6fc.dir/CheckSymbolExists.c.o
/usr/bin/cc    -o CMakeFiles/cmTC_dd6fc.dir/CheckSymbolExists.c.o   -c /home/ubuntu/catkin_ws/build_isolated/hector_imu_tools/CMakeFiles/CMakeTmp/CheckSymbolExists.c
Linking C executable cmTC_dd6fc
/usr/bin/cmake -E cmake_link_script CMakeFiles/cmTC_dd6fc.dir/link.txt --verbose=1
/usr/bin/cc      -rdynamic CMakeFiles/cmTC_dd6fc.dir/CheckSymbolExists.c.o  -o cmTC_dd6fc 
CMakeFiles/cmTC_dd6fc.dir/CheckSymbolExists.c.o：在函数‘main’中：
CheckSymbolExists.c:(.text+0x14)：对‘pthread_create’未定义的引用
CheckSymbolExists.c:(.text+0x18)：对‘pthread_create’未定义的引用
collect2: error: ld returned 1 exit status
CMakeFiles/cmTC_dd6fc.dir/build.make:97: recipe for target 'cmTC_dd6fc' failed
make[1]: *** [cmTC_dd6fc] Error 1
make[1]: 离开目录“/home/ubuntu/catkin_ws/build_isolated/hector_imu_tools/CMakeFiles/CMakeTmp”
Makefile:126: recipe for target 'cmTC_dd6fc/fast' failed
make: *** [cmTC_dd6fc/fast] Error 2

File /home/ubuntu/catkin_ws/build_isolated/hector_imu_tools/CMakeFiles/CMakeTmp/CheckSymbolExists.c:
/* */
#include <pthread.h>

int main(int argc, char** argv)
{
  (void)argv;
#ifndef pthread_create
  return ((int*)(&pthread_create))[argc];
#else
  (void)argc;
  return 0;
#endif
}

Determining if the function pthread_create exists in the pthreads failed with the following output:
Change Dir: /home/ubuntu/catkin_ws/build_isolated/hector_imu_tools/CMakeFiles/CMakeTmp

Run Build Command:"/usr/bin/make" "cmTC_f865d/fast"
/usr/bin/make -f CMakeFiles/cmTC_f865d.dir/build.make CMakeFiles/cmTC_f865d.dir/build
make[1]: 进入目录“/home/ubuntu/catkin_ws/build_isolated/hector_imu_tools/CMakeFiles/CMakeTmp”
Building C object CMakeFiles/cmTC_f865d.dir/CheckFunctionExists.c.o
/usr/bin/cc   -DCHECK_FUNCTION_EXISTS=pthread_create   -o CMakeFiles/cmTC_f865d.dir/CheckFunctionExists.c.o   -c /usr/share/cmake-3.10/Modules/CheckFunctionExists.c
Linking C executable cmTC_f865d
/usr/bin/cmake -E cmake_link_script CMakeFiles/cmTC_f865d.dir/link.txt --verbose=1
/usr/bin/cc  -DCHECK_FUNCTION_EXISTS=pthread_create    -rdynamic CMakeFiles/cmTC_f865d.dir/CheckFunctionExists.c.o  -o cmTC_f865d -lpthreads 
/usr/bin/ld: 找不到 -lpthreads
collect2: error: ld returned 1 exit status
CMakeFiles/cmTC_f865d.dir/build.make:97: recipe for target 'cmTC_f865d' failed
make[1]: *** [cmTC_f865d] Error 1
make[1]: 离开目录“/home/ubuntu/catkin_ws/build_isolated/hector_imu_tools/CMakeFiles/CMakeTmp”
Makefile:126: recipe for target 'cmTC_f865d/fast' failed
make: *** [cmTC_f865d/fast] Error 2


