Determining if the pthread_create exist failed with the following output:
Change Dir: /home/ubuntu/catkin_ws/build_isolated/combined_pkg/CMakeFiles/CMakeTmp

Run Build Command:"/usr/bin/make" "cmTC_70e88/fast"
/usr/bin/make -f CMakeFiles/cmTC_70e88.dir/build.make CMakeFiles/cmTC_70e88.dir/build
make[1]: 进入目录“/home/ubuntu/catkin_ws/build_isolated/combined_pkg/CMakeFiles/CMakeTmp”
Building C object CMakeFiles/cmTC_70e88.dir/CheckSymbolExists.c.o
/usr/bin/cc    -o CMakeFiles/cmTC_70e88.dir/CheckSymbolExists.c.o   -c /home/ubuntu/catkin_ws/build_isolated/combined_pkg/CMakeFiles/CMakeTmp/CheckSymbolExists.c
Linking C executable cmTC_70e88
/usr/bin/cmake -E cmake_link_script CMakeFiles/cmTC_70e88.dir/link.txt --verbose=1
/usr/bin/cc      -rdynamic CMakeFiles/cmTC_70e88.dir/CheckSymbolExists.c.o  -o cmTC_70e88 
CMakeFiles/cmTC_70e88.dir/CheckSymbolExists.c.o：在函数‘main’中：
CheckSymbolExists.c:(.text+0x14)：对‘pthread_create’未定义的引用
CheckSymbolExists.c:(.text+0x18)：对‘pthread_create’未定义的引用
collect2: error: ld returned 1 exit status
CMakeFiles/cmTC_70e88.dir/build.make:97: recipe for target 'cmTC_70e88' failed
make[1]: *** [cmTC_70e88] Error 1
make[1]: 离开目录“/home/ubuntu/catkin_ws/build_isolated/combined_pkg/CMakeFiles/CMakeTmp”
Makefile:126: recipe for target 'cmTC_70e88/fast' failed
make: *** [cmTC_70e88/fast] Error 2

File /home/ubuntu/catkin_ws/build_isolated/combined_pkg/CMakeFiles/CMakeTmp/CheckSymbolExists.c:
/* */
#include <pthread.h>

int main(int argc, char** argv)
{
  (void)argv;
#ifndef pthread_create
  return ((int*)(&pthread_create))[argc];
#else
  (void)argc;
  return 0;
#endif
}

Determining if the function pthread_create exists in the pthreads failed with the following output:
Change Dir: /home/ubuntu/catkin_ws/build_isolated/combined_pkg/CMakeFiles/CMakeTmp

Run Build Command:"/usr/bin/make" "cmTC_02679/fast"
/usr/bin/make -f CMakeFiles/cmTC_02679.dir/build.make CMakeFiles/cmTC_02679.dir/build
make[1]: 进入目录“/home/ubuntu/catkin_ws/build_isolated/combined_pkg/CMakeFiles/CMakeTmp”
Building C object CMakeFiles/cmTC_02679.dir/CheckFunctionExists.c.o
/usr/bin/cc   -DCHECK_FUNCTION_EXISTS=pthread_create   -o CMakeFiles/cmTC_02679.dir/CheckFunctionExists.c.o   -c /usr/share/cmake-3.10/Modules/CheckFunctionExists.c
Linking C executable cmTC_02679
/usr/bin/cmake -E cmake_link_script CMakeFiles/cmTC_02679.dir/link.txt --verbose=1
/usr/bin/cc  -DCHECK_FUNCTION_EXISTS=pthread_create    -rdynamic CMakeFiles/cmTC_02679.dir/CheckFunctionExists.c.o  -o cmTC_02679 -lpthreads 
/usr/bin/ld: 找不到 -lpthreads
collect2: error: ld returned 1 exit status
CMakeFiles/cmTC_02679.dir/build.make:97: recipe for target 'cmTC_02679' failed
make[1]: *** [cmTC_02679] Error 1
make[1]: 离开目录“/home/ubuntu/catkin_ws/build_isolated/combined_pkg/CMakeFiles/CMakeTmp”
Makefile:126: recipe for target 'cmTC_02679/fast' failed
make: *** [cmTC_02679/fast] Error 2


